<?xml version="1.0" encoding="UTF-8"?>
<!-- Generated by org.testng.reporters.JUnitReportReporter -->
<testsuite hostname="me-PC" name="practice.Run" tests="1" failures="0" timestamp="8 Mar 2018 18:57:38 GMT" time="0.001" errors="0">
  <testcase name="test" time="0.001" classname="practice.Run"/>
</testsuite> <!-- practice.Run -->
