<?xml version="1.0" encoding="UTF-8"?>
<!-- Generated by org.testng.reporters.JUnitReportReporter -->
<testsuite hostname="me-PC" name="cosmo.Jog" tests="1" failures="0" timestamp="8 Mar 2018 18:57:37 GMT" time="0.022" errors="0">
  <testcase name="home" time="0.022" classname="cosmo.Jog"/>
</testsuite> <!-- cosmo.Jog -->
