<?xml version="1.0" encoding="UTF-8"?>
<!-- Generated by org.testng.reporters.JUnitReportReporter -->
<testsuite skipped="0" hostname="me-PC" name="cosmo.Jog" tests="1" failures="0" timestamp="08 Mar 2018 22:10:00 GMT" time="0.000" errors="0">
  <testcase name="home" time="0.000" classname="cosmo.Jog"/>
</testsuite> <!-- cosmo.Jog -->
